[debug] [2023-11-29T20:47:44.424Z] ----------------------------------------------------------------------
[debug] [2023-11-29T20:47:44.426Z] Command:       C:\Program Files\nodejs\node.exe C:\Users\Derrick\AppData\Roaming\npm\node_modules\firebase-tools\lib\bin\firebase.js init
[debug] [2023-11-29T20:47:44.426Z] CLI Version:   12.9.1
[debug] [2023-11-29T20:47:44.426Z] Platform:      win32
[debug] [2023-11-29T20:47:44.426Z] Node Version:  v18.16.0
[debug] [2023-11-29T20:47:44.427Z] Time:          Wed Nov 29 2023 15:47:44 GMT-0500 (Eastern Standard Time)
[debug] [2023-11-29T20:47:44.427Z] ----------------------------------------------------------------------
[debug] 
[debug] [2023-11-29T20:47:44.431Z] > command requires scopes: ["email","openid","https://www.googleapis.com/auth/cloudplatformprojects.readonly","https://www.googleapis.com/auth/firebase","https://www.googleapis.com/auth/cloud-platform"]
[debug] [2023-11-29T20:47:44.432Z] > authorizing via signed-in user (derrick.l.adkins@gmail.com)
[info] 
     ######## #### ########  ######## ########     ###     ######  ########
     ##        ##  ##     ## ##       ##     ##  ##   ##  ##       ##
     ######    ##  ########  ######   ########  #########  ######  ######
     ##        ##  ##    ##  ##       ##     ## ##     ##       ## ##
     ##       #### ##     ## ######## ########  ##     ##  ######  ########

You're about to initialize a Firebase project in this directory:

  C:\Users\Derrick\Documents\GitHub\MASS_Clock-In

[info] 
=== Project Setup
[info] 
[info] First, let's associate this project directory with a Firebase project.
[info] You can create multiple project aliases by running firebase use --add, 
[info] but for now we'll just set up a default project.
[info] 
[debug] [2023-11-29T20:47:52.942Z] >>> [apiv2][query] GET https://firebase.googleapis.com/v1beta1/projects pageSize=100
[debug] [2023-11-29T20:47:53.382Z] <<< [apiv2][status] GET https://firebase.googleapis.com/v1beta1/projects 200
[debug] [2023-11-29T20:47:53.382Z] <<< [apiv2][body] GET https://firebase.googleapis.com/v1beta1/projects [omitted]
[info] i  Using project mass-clock-in (MASS Clock-In) 
[info] 
=== Firestore Setup
[debug] [2023-11-29T20:47:56.683Z] >>> [apiv2][query] GET https://serviceusage.googleapis.com/v1/projects/mass-clock-in/services/firestore.googleapis.com [none]
[debug] [2023-11-29T20:47:56.683Z] >>> [apiv2][(partial)header] GET https://serviceusage.googleapis.com/v1/projects/mass-clock-in/services/firestore.googleapis.com x-goog-quota-user=projects/mass-clock-in
[debug] [2023-11-29T20:47:57.365Z] <<< [apiv2][status] GET https://serviceusage.googleapis.com/v1/projects/mass-clock-in/services/firestore.googleapis.com 200
[debug] [2023-11-29T20:47:57.366Z] <<< [apiv2][body] GET https://serviceusage.googleapis.com/v1/projects/mass-clock-in/services/firestore.googleapis.com [omitted]
[debug] [2023-11-29T20:47:57.366Z] >>> [apiv2][query] GET https://firestore.googleapis.com/v1/projects/mass-clock-in/databases/(default) [none]
[debug] [2023-11-29T20:47:57.754Z] <<< [apiv2][status] GET https://firestore.googleapis.com/v1/projects/mass-clock-in/databases/(default) 200
[debug] [2023-11-29T20:47:57.755Z] <<< [apiv2][body] GET https://firestore.googleapis.com/v1/projects/mass-clock-in/databases/(default) {"name":"projects/mass-clock-in/databases/(default)","uid":"548c9c12-babb-4ead-9384-2589ad8eee35","createTime":"2023-11-29T19:58:29.943462Z","updateTime":"2023-11-29T19:58:29.943462Z","locationId":"nam5","type":"FIRESTORE_NATIVE","concurrencyMode":"PESSIMISTIC","versionRetentionPeriod":"3600s","earliestVersionTime":"2023-11-29T19:58:29.943462Z","appEngineIntegrationMode":"DISABLED","keyPrefix":"s","pointInTimeRecoveryEnablement":"POINT_IN_TIME_RECOVERY_DISABLED","deleteProtectionState":"DELETE_PROTECTION_DISABLED","etag":"IIPitLOK6oIDMMSdnf2A6oID"}
[debug] [2023-11-29T20:47:57.755Z] database_type: FIRESTORE_NATIVE
[debug] [2023-11-29T20:47:57.755Z] > command requires scopes: ["email","openid","https://www.googleapis.com/auth/cloudplatformprojects.readonly","https://www.googleapis.com/auth/firebase","https://www.googleapis.com/auth/cloud-platform"]
[debug] [2023-11-29T20:47:57.756Z] > authorizing via signed-in user (derrick.l.adkins@gmail.com)
[debug] [2023-11-29T20:47:57.756Z] [iam] checking project mass-clock-in for permissions ["firebase.projects.get"]
[debug] [2023-11-29T20:47:57.757Z] >>> [apiv2][query] POST https://cloudresourcemanager.googleapis.com/v1/projects/mass-clock-in:testIamPermissions [none]
[debug] [2023-11-29T20:47:57.757Z] >>> [apiv2][(partial)header] POST https://cloudresourcemanager.googleapis.com/v1/projects/mass-clock-in:testIamPermissions x-goog-quota-user=projects/mass-clock-in
[debug] [2023-11-29T20:47:57.757Z] >>> [apiv2][body] POST https://cloudresourcemanager.googleapis.com/v1/projects/mass-clock-in:testIamPermissions {"permissions":["firebase.projects.get"]}
[debug] [2023-11-29T20:47:58.089Z] <<< [apiv2][status] POST https://cloudresourcemanager.googleapis.com/v1/projects/mass-clock-in:testIamPermissions 200
[debug] [2023-11-29T20:47:58.089Z] <<< [apiv2][body] POST https://cloudresourcemanager.googleapis.com/v1/projects/mass-clock-in:testIamPermissions {"permissions":["firebase.projects.get"]}
[info] 
[info] Firestore Security Rules allow you to define how and when to allow
[info] requests. You can keep these rules in your project directory
[info] and publish them with firebase deploy.
[info] 
[debug] [2023-11-29T20:48:30.360Z] >>> [apiv2][query] GET https://firebaserules.googleapis.com/v1/projects/mass-clock-in/releases pageSize=10&pageToken=
[debug] [2023-11-29T20:48:30.746Z] <<< [apiv2][status] GET https://firebaserules.googleapis.com/v1/projects/mass-clock-in/releases 200
[debug] [2023-11-29T20:48:30.746Z] <<< [apiv2][body] GET https://firebaserules.googleapis.com/v1/projects/mass-clock-in/releases {"releases":[{"name":"projects/mass-clock-in/releases/cloud.firestore","rulesetName":"projects/mass-clock-in/rulesets/15f60985-a274-45f4-a645-8a0dd5662671","createTime":"2023-11-29T19:58:31.488384Z","updateTime":"2023-11-29T19:59:51.047160Z"}]}
[debug] [2023-11-29T20:48:30.747Z] Found ruleset: projects/mass-clock-in/rulesets/15f60985-a274-45f4-a645-8a0dd5662671
[debug] [2023-11-29T20:48:30.747Z] >>> [apiv2][query] GET https://firebaserules.googleapis.com/v1/projects/mass-clock-in/rulesets/15f60985-a274-45f4-a645-8a0dd5662671 [none]
[debug] [2023-11-29T20:48:30.958Z] <<< [apiv2][status] GET https://firebaserules.googleapis.com/v1/projects/mass-clock-in/rulesets/15f60985-a274-45f4-a645-8a0dd5662671 200
[debug] [2023-11-29T20:48:30.959Z] <<< [apiv2][body] GET https://firebaserules.googleapis.com/v1/projects/mass-clock-in/rulesets/15f60985-a274-45f4-a645-8a0dd5662671 [omitted]
[info] 
[info] Firestore indexes allow you to perform complex queries while
[info] maintaining performance that scales with the size of the result
[info] set. You can keep index definitions in your project directory
[info] and publish them with firebase deploy.
[info] 
[debug] [2023-11-29T20:48:39.850Z] >>> [apiv2][query] GET https://firestore.googleapis.com/v1/projects/mass-clock-in/databases/(default)/collectionGroups/-/indexes [none]
[debug] [2023-11-29T20:48:39.851Z] >>> [apiv2][query] GET https://firestore.googleapis.com/v1/projects/mass-clock-in/databases/(default)/collectionGroups/-/fields?filter=indexConfig.usesAncestorConfig=false OR ttlConfig:* [none]
[debug] [2023-11-29T20:48:40.169Z] <<< [apiv2][status] GET https://firestore.googleapis.com/v1/projects/mass-clock-in/databases/(default)/collectionGroups/-/indexes 200
[debug] [2023-11-29T20:48:40.169Z] <<< [apiv2][body] GET https://firestore.googleapis.com/v1/projects/mass-clock-in/databases/(default)/collectionGroups/-/indexes {}
[debug] [2023-11-29T20:48:40.170Z] <<< [apiv2][status] GET https://firestore.googleapis.com/v1/projects/mass-clock-in/databases/(default)/collectionGroups/-/fields?filter=indexConfig.usesAncestorConfig=false OR ttlConfig:* 200
[debug] [2023-11-29T20:48:40.170Z] <<< [apiv2][body] GET https://firestore.googleapis.com/v1/projects/mass-clock-in/databases/(default)/collectionGroups/-/fields?filter=indexConfig.usesAncestorConfig=false OR ttlConfig:* {"fields":[{"name":"projects/mass-clock-in/databases/(default)/collectionGroups/__default__/fields/*","indexConfig":{"indexes":[{"queryScope":"COLLECTION","fields":[{"fieldPath":"*","order":"ASCENDING"}],"state":"READY"},{"queryScope":"COLLECTION","fields":[{"fieldPath":"*","order":"DESCENDING"}],"state":"READY"},{"queryScope":"COLLECTION","fields":[{"fieldPath":"*","arrayConfig":"CONTAINS"}],"state":"READY"}]}}]}
[info] 
=== Hosting Setup
[debug] [2023-11-29T20:48:40.174Z] >>> [apiv2][query] GET https://firebase.googleapis.com/v1beta1/projects/mass-clock-in [none]
[debug] [2023-11-29T20:48:40.576Z] <<< [apiv2][status] GET https://firebase.googleapis.com/v1beta1/projects/mass-clock-in 200
[debug] [2023-11-29T20:48:40.577Z] <<< [apiv2][body] GET https://firebase.googleapis.com/v1beta1/projects/mass-clock-in {"projectId":"mass-clock-in","projectNumber":"618955403785","displayName":"MASS Clock-In","name":"projects/mass-clock-in","resources":{"hostingSite":"mass-clock-in"},"state":"ACTIVE","etag":"1_2778e3e1-e017-4a7b-bfb8-59f21b65d5c2"}
[info] 
[info] Your public directory is the folder (relative to your project directory) that
[info] will contain Hosting assets to be uploaded with firebase deploy. If you
[info] have a build process for your assets, use your build's output directory.
[info] 
[debug] [2023-11-29T20:49:47.153Z] >>> [apiv2][query] GET https://www.gstatic.com/firebasejs/releases.json [none]
[debug] [2023-11-29T20:49:47.356Z] <<< [apiv2][status] GET https://www.gstatic.com/firebasejs/releases.json 200
[debug] [2023-11-29T20:49:47.356Z] <<< [apiv2][body] GET https://www.gstatic.com/firebasejs/releases.json {"current":{"version":"10.7.0","browserURL":"https://www.gstatic.com/firebasejs/10.7.0/firebase.js","packageURL":"https://www.gstatic.com/firebasejs/10.7.0/firebase.tgz"},"live":{"version":"10.7","browserURL":"https://www.gstatic.com/firebasejs/live/10.7/firebase.js","packageURL":"https://www.gstatic.com/firebasejs/live/10.7/firebase.tgz"},"components":{"analytics":"https://www.gstatic.com/firebasejs/10.7.0/firebase-analytics.js","app":"https://www.gstatic.com/firebasejs/10.7.0/firebase-app.js","app-check":"https://www.gstatic.com/firebasejs/10.7.0/firebase-app-check.js","auth":"https://www.gstatic.com/firebasejs/10.7.0/firebase-auth.js","auth/cordova":"https://www.gstatic.com/firebasejs/10.7.0/firebase-auth/cordova.js","functions":"https://www.gstatic.com/firebasejs/10.7.0/firebase-functions.js","firestore":"https://www.gstatic.com/firebasejs/10.7.0/firebase-firestore.js","firestore/lite":"https://www.gstatic.com/firebasejs/10.7.0/firebase-firestore/lite.js","installations":"https://www.gstatic.com/firebasejs/10.7.0/firebase-installations.js","storage":"https://www.gstatic.com/firebasejs/10.7.0/firebase-storage.js","performance":"https://www.gstatic.com/firebasejs/10.7.0/firebase-performance.js","remote-config":"https://www.gstatic.com/firebasejs/10.7.0/firebase-remote-config.js","messaging":"https://www.gstatic.com/firebasejs/10.7.0/firebase-messaging.js","messaging/sw":"https://www.gstatic.com/firebasejs/10.7.0/firebase-messaging/sw.js","database":"https://www.gstatic.com/firebasejs/10.7.0/firebase-database.js","firestore.memory":"https://www.gstatic.com/firebasejs/10.7.0/firebase-firestore.memory.js"}}
[info] +  Wrote public/index.html 
[info] 
[info] i  Detected a .git folder at C:\Users\Derrick\Documents\GitHub\MASS_Clock-In 
[info] i  Authorizing with GitHub to upload your service account to a GitHub repository's secrets store. 
[info] 
[info] Visit this URL on this device to log in:
[info] https://github.com/login/oauth/authorize?client_id=89cf50f02ac6aaed3484&state=393580846&redirect_uri=http%3A%2F%2Flocalhost%3A9005&scope=read%3Auser%20repo%20public_repo
[info] 
[info] Waiting for authentication...
[debug] [2023-11-29T20:50:26.566Z] >>> [apiv2][query] POST https://github.com/login/oauth/access_token [none]
[debug] [2023-11-29T20:50:26.566Z] >>> [apiv2][body] POST https://github.com/login/oauth/access_token [stream]
[debug] [2023-11-29T20:50:26.885Z] <<< [apiv2][status] POST https://github.com/login/oauth/access_token 200
[debug] [2023-11-29T20:50:26.885Z] <<< [apiv2][body] POST https://github.com/login/oauth/access_token {"access_token":"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","token_type":"bearer","scope":"read:user,repo"}
[debug] [2023-11-29T20:50:26.890Z] >>> [apiv2][query] GET https://api.github.com/user [none]
[debug] [2023-11-29T20:50:27.259Z] <<< [apiv2][status] GET https://api.github.com/user 200
[debug] [2023-11-29T20:50:27.259Z] <<< [apiv2][body] GET https://api.github.com/user {"login":"derrickadkins","id":11668198,"node_id":"MDQ6VXNlcjExNjY4MTk4","avatar_url":"https://avatars.githubusercontent.com/u/11668198?v=4","gravatar_id":"","url":"https://api.github.com/users/derrickadkins","html_url":"https://github.com/derrickadkins","followers_url":"https://api.github.com/users/derrickadkins/followers","following_url":"https://api.github.com/users/derrickadkins/following{/other_user}","gists_url":"https://api.github.com/users/derrickadkins/gists{/gist_id}","starred_url":"https://api.github.com/users/derrickadkins/starred{/owner}{/repo}","subscriptions_url":"https://api.github.com/users/derrickadkins/subscriptions","organizations_url":"https://api.github.com/users/derrickadkins/orgs","repos_url":"https://api.github.com/users/derrickadkins/repos","events_url":"https://api.github.com/users/derrickadkins/events{/privacy}","received_events_url":"https://api.github.com/users/derrickadkins/received_events","type":"User","site_admin":false,"name":"Derrick Adkins","company":null,"blog":"","location":"Cincinnati, OH","email":"derrick.l.adkins@gmail.com","hireable":true,"bio":"USMC Vet\r\nAssociates in software development from ITT\r\nPursuing Bachelor's from UC","twitter_username":null,"public_repos":10,"public_gists":0,"followers":4,"following":0,"created_at":"2015-03-26T17:23:57Z","updated_at":"2023-10-23T20:21:39Z","private_gists":0,"total_private_repos":6,"owned_private_repos":6,"disk_usage":44949,"collaborators":0,"two_factor_authentication":false,"plan":{"name":"pro","space":976562499,"collaborators":0,"private_repos":9999}}
[info] 
[info] +  Success! Logged into GitHub as derrickadkins 
[info] 
